<?xml version="1.0" encoding="UTF-8"?>
<!-- Generated by org.testng.reporters.JUnitReportReporter -->
<testsuite hostname="SMSL043" name="testing.AltaVc" tests="1" failures="0" timestamp="17 May 2018 21:17:57 GMT" time="27.683" errors="0">
  <testcase name="testJava" time="27.683" classname="testing.AltaVc"/>
</testsuite> <!-- testing.AltaVc -->
